<?xml version="1.0" encoding="UTF-8"?>
<testng-results skipped="0" failed="0" ignored="0" total="1" passed="1">
  <reporter-output>
  </reporter-output>
  <suite name="Default suite" duration-ms="6358" started-at="2019-08-19T12:00:35Z" finished-at="2019-08-19T12:00:41Z">
    <groups>
    </groups>
    <test name="Default test" duration-ms="6358" started-at="2019-08-19T12:00:35Z" finished-at="2019-08-19T12:00:41Z">
      <class name="FindJavaScriptErrorsLogging">
        <test-method status="PASS" signature="setup()[pri:0, instance:FindJavaScriptErrorsLogging@42d80b78]" name="setup" is-config="true" duration-ms="3328" started-at="2019-08-19T12:00:35Z" finished-at="2019-08-19T12:00:38Z">
          <reporter-output>
          </reporter-output>
        </test-method> <!-- setup -->
        <test-method status="PASS" signature="testMethod()[pri:0, instance:FindJavaScriptErrorsLogging@42d80b78]" name="testMethod" duration-ms="2322" started-at="2019-08-19T12:00:38Z" finished-at="2019-08-19T12:00:41Z">
          <reporter-output>
          </reporter-output>
        </test-method> <!-- testMethod -->
        <test-method status="PASS" signature="tearDown()[pri:0, instance:FindJavaScriptErrorsLogging@42d80b78]" name="tearDown" is-config="true" duration-ms="686" started-at="2019-08-19T12:00:41Z" finished-at="2019-08-19T12:00:41Z">
          <reporter-output>
          </reporter-output>
        </test-method> <!-- tearDown -->
      </class> <!-- FindJavaScriptErrorsLogging -->
    </test> <!-- Default test -->
  </suite> <!-- Default suite -->
</testng-results>
